Created by PLY version 3.11 (http://www.dabeaz.com/ply)

Grammar

Rule 0     S' -> statement
Rule 1     statement -> PRINT STRING

Terminals, with rules where they appear

PRINT                : 1
STRING               : 1
error                : 

Nonterminals, with rules where they appear

statement            : 0

Parsing method: LALR

state 0

    (0) S' -> . statement
    (1) statement -> . PRINT STRING

    PRINT           shift and go to state 2

    statement                      shift and go to state 1

state 1

    (0) S' -> statement .



state 2

    (1) statement -> PRINT . STRING

    STRING          shift and go to state 3


state 3

    (1) statement -> PRINT STRING .

    $end            reduce using rule 1 (statement -> PRINT STRING .)

